<?xml version="1.0" encoding="UTF-8"?>
<!-- Generated by org.testng.reporters.JUnitReportReporter -->
<testsuite hostname="LAPTOP-TKKFS00K" failures="0" tests="1" name="Day14_05312020.Excel_Google_Search_TestNG_Abstract" time="33.472" errors="0" timestamp="2020-06-04T22:33:31 EDT" skipped="0">
  <testcase classname="Day14_05312020.Excel_Google_Search_TestNG_Abstract" name="Google" time="33.472"/>
  <system-out>
Entering a value on element search Field Submitting a value on element Google search Capturing a text from element search Result Entering a value on element search Field Submitting a value on element Google search Capturing a text from element search Result Entering a value on element search Field Submitting a value on element Google search Capturing a text from element search Result  </system-out>
</testsuite> <!-- Day14_05312020.Excel_Google_Search_TestNG_Abstract -->
