<?xml version="1.0" encoding="UTF-8"?>
<!-- Generated by org.testng.reporters.JUnitReportReporter -->
<testsuite hostname="LAPTOP-TKKFS00K" failures="0" tests="1" name="Day13_05302020.List_Boolean" time="11.283" errors="0" timestamp="2020-05-30T12:03:41 EDT" skipped="0">
  <testcase classname="Day13_05302020.List_Boolean" name="yahoo_verification" time="11.283"/>
  <system-out/>
</testsuite> <!-- Day13_05302020.List_Boolean -->
