<?xml version="1.0" encoding="UTF-8"?>
<!-- Generated by org.testng.reporters.JUnitReportReporter -->
<testsuite hostname="LAPTOP-TKKFS00K" failures="0" tests="1" name="Day12_05172020.Action6_Kayak" time="144.324" errors="0" timestamp="2020-05-20T03:04:48 EDT" skipped="0">
  <testcase classname="Day12_05172020.Action6_Kayak" name="Kayak" time="144.324"/>
  <system-out>
Entering a value on element Search Filed Entering a value on element endDate Entering a value on element Start Date Capturing a text from element captureText Entering a value on element Search Filed Entering a value on element endDate Entering a value on element Start Date Capturing a text from element captureText Entering a value on element Search Filed Entering a value on element endDate Entering a value on element Start Date Capturing a text from element captureText  </system-out>
</testsuite> <!-- Day12_05172020.Action6_Kayak -->
