<?xml version="1.0" encoding="UTF-8"?>
<!-- Generated by org.testng.reporters.JUnitReportReporter -->
<testsuite hostname="LAPTOP-TKKFS00K" failures="0" tests="1" name="Day14_05312020.ActionItem_4_Metlife_TestNG_Abstract" time="143.041" errors="0" timestamp="2020-06-04T22:33:31 EDT" skipped="0">
  <testcase classname="Day14_05312020.ActionItem_4_Metlife_TestNG_Abstract" name="Met" time="143.041"/>
  <system-out>
Entering a value on element Enter Zip Entering a value on element Referral code Capturing a text from element Red error Capturing a text from element PPO title Entering a value on element Enter Zip Entering a value on element Referral code Capturing a text from element Red error Capturing a text from element PPO title Entering a value on element Enter Zip Entering a value on element Referral code Capturing a text from element Red error Capturing a text from element PPO title  </system-out>
</testsuite> <!-- Day14_05312020.ActionItem_4_Metlife_TestNG_Abstract -->
