<?xml version="1.0" encoding="UTF-8"?>
<!-- Generated by org.testng.reporters.JUnitReportReporter -->
<testsuite hostname="LAPTOP-TKKFS00K" failures="0" tests="1" name="Day14_05312020.Interview_Questions" time="0.010" errors="0" timestamp="2020-06-06T23:59:45 EDT" skipped="0">
  <testcase classname="Day14_05312020.Interview_Questions" name="quickScript" time="0.010"/>
  <system-out/>
</testsuite> <!-- Day14_05312020.Interview_Questions -->
