<?xml version="1.0" encoding="UTF-8"?>
<!-- Generated by org.testng.reporters.JUnitReportReporter -->
<testsuite hostname="LAPTOP-TKKFS00K" failures="0" tests="1" name="Day15_06062020.Yahoo_Page_Object_Search_Result" time="8.611" errors="0" timestamp="2020-06-06T13:59:55 EDT" skipped="0">
  <testcase classname="Day15_06062020.Yahoo_Page_Object_Search_Result" name="Yahoo_search_Result" time="8.611"/>
  <system-out>
Entering a value on element search field Capturing a text from element Search Result  </system-out>
</testsuite> <!-- Day15_06062020.Yahoo_Page_Object_Search_Result -->
