<?xml version="1.0" encoding="UTF-8"?>
<!-- Generated by org.testng.reporters.JUnitReportReporter -->
<testsuite hostname="LAPTOP-TKKFS00K" failures="0" tests="1" name="Day14_05312020.ActionItem_3_weightwatch_TestNG_Abstract" time="45.714" errors="0" timestamp="2020-06-04T22:33:31 EDT" skipped="0">
  <testcase classname="Day14_05312020.ActionItem_3_weightwatch_TestNG_Abstract" name="weightWatch" time="45.714"/>
  <system-out>
Entering a value on element Enter Zip Submitting a value on element Submit Entering a value on element Enter Zip Submitting a value on element Submit Entering a value on element Enter Zip Submitting a value on element Submit  </system-out>
</testsuite> <!-- Day14_05312020.ActionItem_3_weightwatch_TestNG_Abstract -->
