<?xml version="1.0" encoding="UTF-8"?>
<!-- Generated by org.testng.reporters.JUnitReportReporter -->
<testsuite hostname="LAPTOP-TKKFS00K" failures="0" tests="1" name="MetLife_Page_Class.MetLife_resultPage" time="135.853" errors="0" timestamp="2020-06-12T03:41:59 EDT" skipped="0">
  <testcase classname="MetLife_Page_Class.MetLife_resultPage" name="MetLife_Result" time="135.853"/>
  <system-out>
Entering a value on element zip code Submitting a value on element submit Entering a value on element referral code Capturing a text from element error Message Entering a value on element zip code Submitting a value on element submit Entering a value on element referral code Capturing a text from element error Message Entering a value on element zip code Submitting a value on element submit Entering a value on element referral code Capturing a text from element error Message  </system-out>
</testsuite> <!-- MetLife_Page_Class.MetLife_resultPage -->
