<?xml version="1.0" encoding="UTF-8"?>
<!-- Generated by org.testng.reporters.JUnitReportReporter -->
<testsuite hostname="LAPTOP-TKKFS00K" failures="0" tests="1" name="Day11_05162020.GoogleSearch_TestNG" time="17.292" errors="0" timestamp="2020-05-17T12:44:58 EDT" skipped="0">
  <testcase classname="Day11_05162020.GoogleSearch_TestNG" name="googleSearch" time="17.292"/>
  <system-out>
Entering a value on element serach field Submitting a value on element Google search button Capturing a text from element search result My search number for car is b Entering a value on element serach field Submitting a value on element Google search button Capturing a text from element search result My search number for car is b  </system-out>
</testsuite> <!-- Day11_05162020.GoogleSearch_TestNG -->
